[0.006s] Invoking command in '/home/ibuki/turorial_diff/build/my_robot': CMAKE_PREFIX_PATH=${CMAKE_PREFIX_PATH}:/opt/ros/humble /usr/bin/cmake --build /home/ibuki/turorial_diff/build/my_robot -- -j14 -l14
[0.039s] Invoked command in '/home/ibuki/turorial_diff/build/my_robot' returned '0': CMAKE_PREFIX_PATH=${CMAKE_PREFIX_PATH}:/opt/ros/humble /usr/bin/cmake --build /home/ibuki/turorial_diff/build/my_robot -- -j14 -l14
[0.045s] Invoking command in '/home/ibuki/turorial_diff/build/my_robot': CMAKE_PREFIX_PATH=${CMAKE_PREFIX_PATH}:/opt/ros/humble /usr/bin/cmake --install /home/ibuki/turorial_diff/build/my_robot
[0.055s] -- Install configuration: ""
[0.055s] -- Up-to-date: /home/ibuki/turorial_diff/install/my_robot/share/my_robot/launch
[0.055s] -- Up-to-date: /home/ibuki/turorial_diff/install/my_robot/share/my_robot/launch/tb3_gazebo.launch.py
[0.055s] -- Up-to-date: /home/ibuki/turorial_diff/install/my_robot/share/my_robot/urdf
[0.055s] -- Installing: /home/ibuki/turorial_diff/install/my_robot/share/my_robot/urdf/my_robot.urdf
[0.055s] -- Up-to-date: /home/ibuki/turorial_diff/install/my_robot/share/my_robot/config
[0.055s] -- Up-to-date: /home/ibuki/turorial_diff/install/my_robot/share/my_robot/config/diff_drive_controller.yaml
[0.055s] -- Up-to-date: /home/ibuki/turorial_diff/install/my_robot/share/my_robot/meshes
[0.055s] -- Up-to-date: /home/ibuki/turorial_diff/install/my_robot/share/my_robot/meshes/wheel-assembly.stl
[0.055s] -- Up-to-date: /home/ibuki/turorial_diff/install/my_robot/share/my_robot/meshes/base_link_light.stl
[0.055s] -- Up-to-date: /home/ibuki/turorial_diff/install/my_robot/share/my_robot/meshes/base_link.dae
[0.055s] -- Up-to-date: /home/ibuki/turorial_diff/install/my_robot/share/my_robot/meshes/base_link.stl
[0.055s] -- Up-to-date: /home/ibuki/turorial_diff/install/my_robot/share/my_robot/meshes/sensors
[0.056s] -- Up-to-date: /home/ibuki/turorial_diff/install/my_robot/share/my_robot/meshes/sensors/r200.dae
[0.056s] -- Up-to-date: /home/ibuki/turorial_diff/install/my_robot/share/my_robot/meshes/sensors/astra.jpg
[0.056s] -- Up-to-date: /home/ibuki/turorial_diff/install/my_robot/share/my_robot/meshes/sensors/lds.stl
[0.056s] -- Up-to-date: /home/ibuki/turorial_diff/install/my_robot/share/my_robot/meshes/sensors/r200.jpg
[0.056s] -- Up-to-date: /home/ibuki/turorial_diff/install/my_robot/share/my_robot/meshes/sensors/astra.dae
[0.056s] -- Up-to-date: /home/ibuki/turorial_diff/install/my_robot/share/my_robot/meshes/bases
[0.056s] -- Up-to-date: /home/ibuki/turorial_diff/install/my_robot/share/my_robot/meshes/bases/burger_base.stl
[0.056s] -- Up-to-date: /home/ibuki/turorial_diff/install/my_robot/share/my_robot/meshes/bases/waffle_pi_base.stl
[0.056s] -- Up-to-date: /home/ibuki/turorial_diff/install/my_robot/share/my_robot/meshes/bases/waffle_base.stl
[0.056s] -- Up-to-date: /home/ibuki/turorial_diff/install/my_robot/share/my_robot/meshes/wheels
[0.056s] -- Up-to-date: /home/ibuki/turorial_diff/install/my_robot/share/my_robot/meshes/wheels/right_tire.stl
[0.056s] -- Up-to-date: /home/ibuki/turorial_diff/install/my_robot/share/my_robot/meshes/wheels/left_tire.stl
[0.056s] -- Up-to-date: /home/ibuki/turorial_diff/install/my_robot/share/ament_index/resource_index/package_run_dependencies/my_robot
[0.056s] -- Up-to-date: /home/ibuki/turorial_diff/install/my_robot/share/ament_index/resource_index/parent_prefix_path/my_robot
[0.056s] -- Up-to-date: /home/ibuki/turorial_diff/install/my_robot/share/my_robot/environment/ament_prefix_path.sh
[0.056s] -- Up-to-date: /home/ibuki/turorial_diff/install/my_robot/share/my_robot/environment/ament_prefix_path.dsv
[0.056s] -- Up-to-date: /home/ibuki/turorial_diff/install/my_robot/share/my_robot/environment/path.sh
[0.056s] -- Up-to-date: /home/ibuki/turorial_diff/install/my_robot/share/my_robot/environment/path.dsv
[0.057s] -- Up-to-date: /home/ibuki/turorial_diff/install/my_robot/share/my_robot/local_setup.bash
[0.057s] -- Up-to-date: /home/ibuki/turorial_diff/install/my_robot/share/my_robot/local_setup.sh
[0.057s] -- Up-to-date: /home/ibuki/turorial_diff/install/my_robot/share/my_robot/local_setup.zsh
[0.057s] -- Up-to-date: /home/ibuki/turorial_diff/install/my_robot/share/my_robot/local_setup.dsv
[0.057s] -- Installing: /home/ibuki/turorial_diff/install/my_robot/share/my_robot/package.dsv
[0.057s] -- Up-to-date: /home/ibuki/turorial_diff/install/my_robot/share/ament_index/resource_index/packages/my_robot
[0.057s] -- Up-to-date: /home/ibuki/turorial_diff/install/my_robot/share/my_robot/cmake/my_robotConfig.cmake
[0.057s] -- Up-to-date: /home/ibuki/turorial_diff/install/my_robot/share/my_robot/cmake/my_robotConfig-version.cmake
[0.057s] -- Up-to-date: /home/ibuki/turorial_diff/install/my_robot/share/my_robot/package.xml
[0.059s] Invoked command in '/home/ibuki/turorial_diff/build/my_robot' returned '0': CMAKE_PREFIX_PATH=${CMAKE_PREFIX_PATH}:/opt/ros/humble /usr/bin/cmake --install /home/ibuki/turorial_diff/build/my_robot
