[0.393s] Invoking command in '/home/ibuki/ros2_diff_drive/ros2_diff_drive_sim/imu_pid_controller/src/imu_pid_controller': PYTHONPATH=/home/ibuki/ros2_diff_drive/ros2_diff_drive_sim/imu_pid_controller/build/imu_pid_controller/prefix_override:/usr/lib/python3/dist-packages/colcon_core/task/python/colcon_distutils_commands:/home/ibuki/ros2_diff_drive/ros2_diff_drive_sim/imu_pid_controller/install/imu_pid_controller/lib/python3.10/site-packages:${PYTHONPATH} /usr/bin/python3 -W ignore:setup.py install is deprecated -W ignore:easy_install command is deprecated setup.py egg_info --egg-base ../../build/imu_pid_controller build --build-base /home/ibuki/ros2_diff_drive/ros2_diff_drive_sim/imu_pid_controller/build/imu_pid_controller/build install --record /home/ibuki/ros2_diff_drive/ros2_diff_drive_sim/imu_pid_controller/build/imu_pid_controller/install.log --single-version-externally-managed install_data
[0.511s] running egg_info
[0.511s] creating ../../build/imu_pid_controller/imu_pid_controller.egg-info
[0.511s] writing ../../build/imu_pid_controller/imu_pid_controller.egg-info/PKG-INFO
[0.511s] writing dependency_links to ../../build/imu_pid_controller/imu_pid_controller.egg-info/dependency_links.txt
[0.511s] writing entry points to ../../build/imu_pid_controller/imu_pid_controller.egg-info/entry_points.txt
[0.511s] writing requirements to ../../build/imu_pid_controller/imu_pid_controller.egg-info/requires.txt
[0.511s] writing top-level names to ../../build/imu_pid_controller/imu_pid_controller.egg-info/top_level.txt
[0.512s] writing manifest file '../../build/imu_pid_controller/imu_pid_controller.egg-info/SOURCES.txt'
[0.512s] reading manifest file '../../build/imu_pid_controller/imu_pid_controller.egg-info/SOURCES.txt'
[0.513s] writing manifest file '../../build/imu_pid_controller/imu_pid_controller.egg-info/SOURCES.txt'
[0.513s] running build
[0.513s] running build_py
[0.513s] creating /home/ibuki/ros2_diff_drive/ros2_diff_drive_sim/imu_pid_controller/build/imu_pid_controller/build
[0.513s] creating /home/ibuki/ros2_diff_drive/ros2_diff_drive_sim/imu_pid_controller/build/imu_pid_controller/build/lib
[0.513s] creating /home/ibuki/ros2_diff_drive/ros2_diff_drive_sim/imu_pid_controller/build/imu_pid_controller/build/lib/imu_pid_controller
[0.513s] copying imu_pid_controller/imu_pid_controller.py -> /home/ibuki/ros2_diff_drive/ros2_diff_drive_sim/imu_pid_controller/build/imu_pid_controller/build/lib/imu_pid_controller
[0.513s] copying imu_pid_controller/__init__.py -> /home/ibuki/ros2_diff_drive/ros2_diff_drive_sim/imu_pid_controller/build/imu_pid_controller/build/lib/imu_pid_controller
[0.513s] running install
[0.514s] running install_lib
[0.514s] creating /home/ibuki/ros2_diff_drive/ros2_diff_drive_sim/imu_pid_controller/install/imu_pid_controller/lib/python3.10/site-packages/imu_pid_controller
[0.514s] copying /home/ibuki/ros2_diff_drive/ros2_diff_drive_sim/imu_pid_controller/build/imu_pid_controller/build/lib/imu_pid_controller/imu_pid_controller.py -> /home/ibuki/ros2_diff_drive/ros2_diff_drive_sim/imu_pid_controller/install/imu_pid_controller/lib/python3.10/site-packages/imu_pid_controller
[0.514s] copying /home/ibuki/ros2_diff_drive/ros2_diff_drive_sim/imu_pid_controller/build/imu_pid_controller/build/lib/imu_pid_controller/__init__.py -> /home/ibuki/ros2_diff_drive/ros2_diff_drive_sim/imu_pid_controller/install/imu_pid_controller/lib/python3.10/site-packages/imu_pid_controller
[0.515s] byte-compiling /home/ibuki/ros2_diff_drive/ros2_diff_drive_sim/imu_pid_controller/install/imu_pid_controller/lib/python3.10/site-packages/imu_pid_controller/imu_pid_controller.py to imu_pid_controller.cpython-310.pyc
[0.516s] byte-compiling /home/ibuki/ros2_diff_drive/ros2_diff_drive_sim/imu_pid_controller/install/imu_pid_controller/lib/python3.10/site-packages/imu_pid_controller/__init__.py to __init__.cpython-310.pyc
[0.516s] running install_data
[0.516s] creating /home/ibuki/ros2_diff_drive/ros2_diff_drive_sim/imu_pid_controller/install/imu_pid_controller/share/ament_index
[0.516s] creating /home/ibuki/ros2_diff_drive/ros2_diff_drive_sim/imu_pid_controller/install/imu_pid_controller/share/ament_index/resource_index
[0.516s] creating /home/ibuki/ros2_diff_drive/ros2_diff_drive_sim/imu_pid_controller/install/imu_pid_controller/share/ament_index/resource_index/packages
[0.516s] copying resource/imu_pid_controller -> /home/ibuki/ros2_diff_drive/ros2_diff_drive_sim/imu_pid_controller/install/imu_pid_controller/share/ament_index/resource_index/packages
[0.516s] copying package.xml -> /home/ibuki/ros2_diff_drive/ros2_diff_drive_sim/imu_pid_controller/install/imu_pid_controller/share/imu_pid_controller
[0.516s] running install_egg_info
[0.516s] Copying ../../build/imu_pid_controller/imu_pid_controller.egg-info to /home/ibuki/ros2_diff_drive/ros2_diff_drive_sim/imu_pid_controller/install/imu_pid_controller/lib/python3.10/site-packages/imu_pid_controller-0.0.0-py3.10.egg-info
[0.517s] running install_scripts
[0.527s] writing list of installed files to '/home/ibuki/ros2_diff_drive/ros2_diff_drive_sim/imu_pid_controller/build/imu_pid_controller/install.log'
[0.540s] Invoked command in '/home/ibuki/ros2_diff_drive/ros2_diff_drive_sim/imu_pid_controller/src/imu_pid_controller' returned '0': PYTHONPATH=/home/ibuki/ros2_diff_drive/ros2_diff_drive_sim/imu_pid_controller/build/imu_pid_controller/prefix_override:/usr/lib/python3/dist-packages/colcon_core/task/python/colcon_distutils_commands:/home/ibuki/ros2_diff_drive/ros2_diff_drive_sim/imu_pid_controller/install/imu_pid_controller/lib/python3.10/site-packages:${PYTHONPATH} /usr/bin/python3 -W ignore:setup.py install is deprecated -W ignore:easy_install command is deprecated setup.py egg_info --egg-base ../../build/imu_pid_controller build --build-base /home/ibuki/ros2_diff_drive/ros2_diff_drive_sim/imu_pid_controller/build/imu_pid_controller/build install --record /home/ibuki/ros2_diff_drive/ros2_diff_drive_sim/imu_pid_controller/build/imu_pid_controller/install.log --single-version-externally-managed install_data
