[0.092s] DEBUG:colcon:Command line arguments: ['/usr/bin/colcon', 'build']
[0.093s] DEBUG:colcon:Parsed command line arguments: Namespace(log_base=None, log_level=None, verb_name='build', build_base='build', install_base='install', merge_install=False, symlink_install=False, test_result_base=None, continue_on_error=False, executor='parallel', parallel_workers=14, event_handlers=None, ignore_user_meta=False, metas=['./colcon.meta'], base_paths=['.'], packages_ignore=None, packages_ignore_regex=None, paths=None, packages_up_to=None, packages_up_to_regex=None, packages_above=None, packages_above_and_dependencies=None, packages_above_depth=None, packages_select_by_dep=None, packages_skip_by_dep=None, packages_skip_up_to=None, packages_select_build_failed=False, packages_skip_build_finished=False, packages_select_test_failures=False, packages_skip_test_passed=False, packages_select=None, packages_skip=None, packages_select_regex=None, packages_skip_regex=None, packages_start=None, packages_end=None, allow_overriding=[], cmake_args=None, cmake_target=None, cmake_target_skip_unavailable=False, cmake_clean_cache=False, cmake_clean_first=False, cmake_force_configure=False, ament_cmake_args=None, catkin_cmake_args=None, catkin_skip_building_tests=False, verb_parser=<colcon_defaults.argument_parser.defaults.DefaultArgumentsDecorator object at 0x7f0ec804c8b0>, verb_extension=<colcon_core.verb.build.BuildVerb object at 0x7f0ec804c0d0>, main=<bound method BuildVerb.main of <colcon_core.verb.build.BuildVerb object at 0x7f0ec804c0d0>>)
[0.231s] Level 1:colcon.colcon_core.package_discovery:discover_packages(colcon_meta) check parameters
[0.232s] Level 1:colcon.colcon_core.package_discovery:discover_packages(recursive) check parameters
[0.232s] Level 1:colcon.colcon_core.package_discovery:discover_packages(ignore) check parameters
[0.232s] Level 1:colcon.colcon_core.package_discovery:discover_packages(path) check parameters
[0.232s] Level 1:colcon.colcon_core.package_discovery:discover_packages(colcon_meta) discover
[0.232s] Level 1:colcon.colcon_core.package_discovery:discover_packages(recursive) discover
[0.232s] INFO:colcon.colcon_core.package_discovery:Crawling recursively for packages in '/home/ibuki/ros2_diff_drive/ros2_diff_drive_sim/imu_pid_controller'
[0.232s] Level 1:colcon.colcon_core.package_identification:_identify(.) by extensions ['ignore', 'ignore_ament_install']
[0.232s] Level 1:colcon.colcon_core.package_identification:_identify(.) by extension 'ignore'
[0.232s] Level 1:colcon.colcon_core.package_identification:_identify(.) by extension 'ignore_ament_install'
[0.232s] Level 1:colcon.colcon_core.package_identification:_identify(.) by extensions ['colcon_pkg']
[0.232s] Level 1:colcon.colcon_core.package_identification:_identify(.) by extension 'colcon_pkg'
[0.232s] Level 1:colcon.colcon_core.package_identification:_identify(.) by extensions ['colcon_meta']
[0.232s] Level 1:colcon.colcon_core.package_identification:_identify(.) by extension 'colcon_meta'
[0.232s] Level 1:colcon.colcon_core.package_identification:_identify(.) by extensions ['ros']
[0.232s] Level 1:colcon.colcon_core.package_identification:_identify(.) by extension 'ros'
[0.243s] Level 1:colcon.colcon_core.package_identification:_identify(.) by extensions ['cmake', 'python']
[0.243s] Level 1:colcon.colcon_core.package_identification:_identify(.) by extension 'cmake'
[0.243s] Level 1:colcon.colcon_core.package_identification:_identify(.) by extension 'python'
[0.243s] Level 1:colcon.colcon_core.package_identification:_identify(.) by extensions ['python_setup_py']
[0.243s] Level 1:colcon.colcon_core.package_identification:_identify(.) by extension 'python_setup_py'
[0.244s] Level 1:colcon.colcon_core.package_identification:_identify(build) by extensions ['ignore', 'ignore_ament_install']
[0.244s] Level 1:colcon.colcon_core.package_identification:_identify(build) by extension 'ignore'
[0.244s] Level 1:colcon.colcon_core.package_identification:_identify(build) ignored
[0.244s] Level 1:colcon.colcon_core.package_identification:_identify(install) by extensions ['ignore', 'ignore_ament_install']
[0.244s] Level 1:colcon.colcon_core.package_identification:_identify(install) by extension 'ignore'
[0.244s] Level 1:colcon.colcon_core.package_identification:_identify(install) ignored
[0.244s] Level 1:colcon.colcon_core.package_identification:_identify(log) by extensions ['ignore', 'ignore_ament_install']
[0.244s] Level 1:colcon.colcon_core.package_identification:_identify(log) by extension 'ignore'
[0.244s] Level 1:colcon.colcon_core.package_identification:_identify(log) ignored
[0.244s] Level 1:colcon.colcon_core.package_identification:_identify(src) by extensions ['ignore', 'ignore_ament_install']
[0.244s] Level 1:colcon.colcon_core.package_identification:_identify(src) by extension 'ignore'
[0.244s] Level 1:colcon.colcon_core.package_identification:_identify(src) by extension 'ignore_ament_install'
[0.244s] Level 1:colcon.colcon_core.package_identification:_identify(src) by extensions ['colcon_pkg']
[0.244s] Level 1:colcon.colcon_core.package_identification:_identify(src) by extension 'colcon_pkg'
[0.244s] Level 1:colcon.colcon_core.package_identification:_identify(src) by extensions ['colcon_meta']
[0.245s] Level 1:colcon.colcon_core.package_identification:_identify(src) by extension 'colcon_meta'
[0.245s] Level 1:colcon.colcon_core.package_identification:_identify(src) by extensions ['ros']
[0.245s] Level 1:colcon.colcon_core.package_identification:_identify(src) by extension 'ros'
[0.245s] Level 1:colcon.colcon_core.package_identification:_identify(src) by extensions ['cmake', 'python']
[0.245s] Level 1:colcon.colcon_core.package_identification:_identify(src) by extension 'cmake'
[0.245s] Level 1:colcon.colcon_core.package_identification:_identify(src) by extension 'python'
[0.245s] Level 1:colcon.colcon_core.package_identification:_identify(src) by extensions ['python_setup_py']
[0.245s] Level 1:colcon.colcon_core.package_identification:_identify(src) by extension 'python_setup_py'
[0.245s] Level 1:colcon.colcon_core.package_identification:_identify(src/imu_pid_controller) by extensions ['ignore', 'ignore_ament_install']
[0.245s] Level 1:colcon.colcon_core.package_identification:_identify(src/imu_pid_controller) by extension 'ignore'
[0.245s] Level 1:colcon.colcon_core.package_identification:_identify(src/imu_pid_controller) by extension 'ignore_ament_install'
[0.245s] Level 1:colcon.colcon_core.package_identification:_identify(src/imu_pid_controller) by extensions ['colcon_pkg']
[0.245s] Level 1:colcon.colcon_core.package_identification:_identify(src/imu_pid_controller) by extension 'colcon_pkg'
[0.245s] Level 1:colcon.colcon_core.package_identification:_identify(src/imu_pid_controller) by extensions ['colcon_meta']
[0.245s] Level 1:colcon.colcon_core.package_identification:_identify(src/imu_pid_controller) by extension 'colcon_meta'
[0.245s] Level 1:colcon.colcon_core.package_identification:_identify(src/imu_pid_controller) by extensions ['ros']
[0.245s] Level 1:colcon.colcon_core.package_identification:_identify(src/imu_pid_controller) by extension 'ros'
[0.248s] DEBUG:colcon.colcon_core.package_identification:Package 'src/imu_pid_controller' with type 'ros.ament_python' and name 'imu_pid_controller'
[0.248s] Level 1:colcon.colcon_core.package_discovery:discover_packages(recursive) using defaults
[0.248s] Level 1:colcon.colcon_core.package_discovery:discover_packages(ignore) discover
[0.248s] Level 1:colcon.colcon_core.package_discovery:discover_packages(ignore) using defaults
[0.248s] Level 1:colcon.colcon_core.package_discovery:discover_packages(path) discover
[0.248s] Level 1:colcon.colcon_core.package_discovery:discover_packages(path) using defaults
[0.267s] Level 1:colcon.colcon_core.package_discovery:discover_packages(prefix_path) check parameters
[0.267s] Level 1:colcon.colcon_core.package_discovery:discover_packages(prefix_path) discover
[0.268s] WARNING:colcon.colcon_core.prefix_path.colcon:The path '/home/ibuki/ros2_diff_drive/ros2_diff_drive_sim/my_robot_pid/install' in the environment variable COLCON_PREFIX_PATH doesn't exist
[0.268s] WARNING:colcon.colcon_ros.prefix_path.catkin:The path '/home/ibuki/ros2_diff_drive/ros2_diff_drive_sim/my_robot_pid/install/my_robot_pid' in the environment variable CMAKE_PREFIX_PATH doesn't exist
[0.269s] DEBUG:colcon.colcon_installed_package_information.package_discovery:Found 1 installed packages in /home/ibuki/ros2_diff_drive/ros2_diff_drive_sim/imu_pid_controller/install
[0.270s] DEBUG:colcon.colcon_installed_package_information.package_discovery:Found 476 installed packages in /opt/ros/humble
[0.282s] Level 1:colcon.colcon_core.package_discovery:discover_packages(prefix_path) using defaults
[0.330s] Level 5:colcon.colcon_core.verb:set package 'imu_pid_controller' build argument 'cmake_args' from command line to 'None'
[0.330s] Level 5:colcon.colcon_core.verb:set package 'imu_pid_controller' build argument 'cmake_target' from command line to 'None'
[0.330s] Level 5:colcon.colcon_core.verb:set package 'imu_pid_controller' build argument 'cmake_target_skip_unavailable' from command line to 'False'
[0.330s] Level 5:colcon.colcon_core.verb:set package 'imu_pid_controller' build argument 'cmake_clean_cache' from command line to 'False'
[0.330s] Level 5:colcon.colcon_core.verb:set package 'imu_pid_controller' build argument 'cmake_clean_first' from command line to 'False'
[0.330s] Level 5:colcon.colcon_core.verb:set package 'imu_pid_controller' build argument 'cmake_force_configure' from command line to 'False'
[0.330s] Level 5:colcon.colcon_core.verb:set package 'imu_pid_controller' build argument 'ament_cmake_args' from command line to 'None'
[0.330s] Level 5:colcon.colcon_core.verb:set package 'imu_pid_controller' build argument 'catkin_cmake_args' from command line to 'None'
[0.330s] Level 5:colcon.colcon_core.verb:set package 'imu_pid_controller' build argument 'catkin_skip_building_tests' from command line to 'False'
[0.330s] DEBUG:colcon.colcon_core.verb:Building package 'imu_pid_controller' with the following arguments: {'ament_cmake_args': None, 'build_base': '/home/ibuki/ros2_diff_drive/ros2_diff_drive_sim/imu_pid_controller/build/imu_pid_controller', 'catkin_cmake_args': None, 'catkin_skip_building_tests': False, 'cmake_args': None, 'cmake_clean_cache': False, 'cmake_clean_first': False, 'cmake_force_configure': False, 'cmake_target': None, 'cmake_target_skip_unavailable': False, 'install_base': '/home/ibuki/ros2_diff_drive/ros2_diff_drive_sim/imu_pid_controller/install/imu_pid_controller', 'merge_install': False, 'path': '/home/ibuki/ros2_diff_drive/ros2_diff_drive_sim/imu_pid_controller/src/imu_pid_controller', 'symlink_install': False, 'test_result_base': None}
[0.331s] INFO:colcon.colcon_core.executor:Executing jobs using 'parallel' executor
[0.332s] DEBUG:colcon.colcon_parallel_executor.executor.parallel:run_until_complete
[0.333s] INFO:colcon.colcon_ros.task.ament_python.build:Building ROS package in '/home/ibuki/ros2_diff_drive/ros2_diff_drive_sim/imu_pid_controller/src/imu_pid_controller' with build type 'ament_python'
[0.333s] Level 1:colcon.colcon_core.shell:create_environment_hook('imu_pid_controller', 'ament_prefix_path')
[0.334s] INFO:colcon.colcon_core.plugin_system:Skipping extension 'colcon_core.shell.bat': Not used on non-Windows systems
[0.334s] INFO:colcon.colcon_core.shell:Creating environment hook '/home/ibuki/ros2_diff_drive/ros2_diff_drive_sim/imu_pid_controller/install/imu_pid_controller/share/imu_pid_controller/hook/ament_prefix_path.ps1'
[0.335s] INFO:colcon.colcon_core.shell:Creating environment descriptor '/home/ibuki/ros2_diff_drive/ros2_diff_drive_sim/imu_pid_controller/install/imu_pid_controller/share/imu_pid_controller/hook/ament_prefix_path.dsv'
[0.336s] INFO:colcon.colcon_core.shell:Creating environment hook '/home/ibuki/ros2_diff_drive/ros2_diff_drive_sim/imu_pid_controller/install/imu_pid_controller/share/imu_pid_controller/hook/ament_prefix_path.sh'
[0.336s] INFO:colcon.colcon_core.shell:Skip shell extension 'powershell' for command environment: Not usable outside of PowerShell
[0.336s] DEBUG:colcon.colcon_core.shell:Skip shell extension 'dsv' for command environment
[0.562s] INFO:colcon.colcon_core.task.python.build:Building Python package in '/home/ibuki/ros2_diff_drive/ros2_diff_drive_sim/imu_pid_controller/src/imu_pid_controller'
[0.563s] INFO:colcon.colcon_core.shell:Skip shell extension 'powershell' for command environment: Not usable outside of PowerShell
[0.563s] DEBUG:colcon.colcon_core.shell:Skip shell extension 'dsv' for command environment
[0.900s] DEBUG:colcon.colcon_core.event_handler.log_command:Invoking command in '/home/ibuki/ros2_diff_drive/ros2_diff_drive_sim/imu_pid_controller/src/imu_pid_controller': PYTHONPATH=/home/ibuki/ros2_diff_drive/ros2_diff_drive_sim/imu_pid_controller/build/imu_pid_controller/prefix_override:/usr/lib/python3/dist-packages/colcon_core/task/python/colcon_distutils_commands:/home/ibuki/ros2_diff_drive/ros2_diff_drive_sim/imu_pid_controller/install/imu_pid_controller/lib/python3.10/site-packages:${PYTHONPATH} /usr/bin/python3 -W ignore:setup.py install is deprecated -W ignore:easy_install command is deprecated setup.py egg_info --egg-base ../../build/imu_pid_controller build --build-base /home/ibuki/ros2_diff_drive/ros2_diff_drive_sim/imu_pid_controller/build/imu_pid_controller/build install --record /home/ibuki/ros2_diff_drive/ros2_diff_drive_sim/imu_pid_controller/build/imu_pid_controller/install.log --single-version-externally-managed install_data
[1.171s] DEBUG:colcon.colcon_core.event_handler.log_command:Invoked command in '/home/ibuki/ros2_diff_drive/ros2_diff_drive_sim/imu_pid_controller/src/imu_pid_controller' returned '0': PYTHONPATH=/home/ibuki/ros2_diff_drive/ros2_diff_drive_sim/imu_pid_controller/build/imu_pid_controller/prefix_override:/usr/lib/python3/dist-packages/colcon_core/task/python/colcon_distutils_commands:/home/ibuki/ros2_diff_drive/ros2_diff_drive_sim/imu_pid_controller/install/imu_pid_controller/lib/python3.10/site-packages:${PYTHONPATH} /usr/bin/python3 -W ignore:setup.py install is deprecated -W ignore:easy_install command is deprecated setup.py egg_info --egg-base ../../build/imu_pid_controller build --build-base /home/ibuki/ros2_diff_drive/ros2_diff_drive_sim/imu_pid_controller/build/imu_pid_controller/build install --record /home/ibuki/ros2_diff_drive/ros2_diff_drive_sim/imu_pid_controller/build/imu_pid_controller/install.log --single-version-externally-managed install_data
[1.175s] Level 1:colcon.colcon_core.environment:checking '/home/ibuki/ros2_diff_drive/ros2_diff_drive_sim/imu_pid_controller/install/imu_pid_controller' for CMake module files
[1.177s] Level 1:colcon.colcon_core.environment:checking '/home/ibuki/ros2_diff_drive/ros2_diff_drive_sim/imu_pid_controller/install/imu_pid_controller' for CMake config files
[1.177s] Level 1:colcon.colcon_core.environment:checking '/home/ibuki/ros2_diff_drive/ros2_diff_drive_sim/imu_pid_controller/install/imu_pid_controller/lib'
[1.181s] Level 1:colcon.colcon_core.environment:checking '/home/ibuki/ros2_diff_drive/ros2_diff_drive_sim/imu_pid_controller/install/imu_pid_controller/bin'
[1.182s] Level 1:colcon.colcon_core.environment:checking '/home/ibuki/ros2_diff_drive/ros2_diff_drive_sim/imu_pid_controller/install/imu_pid_controller/lib/pkgconfig/imu_pid_controller.pc'
[1.182s] Level 1:colcon.colcon_core.environment:checking '/home/ibuki/ros2_diff_drive/ros2_diff_drive_sim/imu_pid_controller/install/imu_pid_controller/lib/python3.10/site-packages'
[1.182s] Level 1:colcon.colcon_core.shell:create_environment_hook('imu_pid_controller', 'pythonpath')
[1.182s] INFO:colcon.colcon_core.shell:Creating environment hook '/home/ibuki/ros2_diff_drive/ros2_diff_drive_sim/imu_pid_controller/install/imu_pid_controller/share/imu_pid_controller/hook/pythonpath.ps1'
[1.183s] INFO:colcon.colcon_core.shell:Creating environment descriptor '/home/ibuki/ros2_diff_drive/ros2_diff_drive_sim/imu_pid_controller/install/imu_pid_controller/share/imu_pid_controller/hook/pythonpath.dsv'
[1.183s] INFO:colcon.colcon_core.shell:Creating environment hook '/home/ibuki/ros2_diff_drive/ros2_diff_drive_sim/imu_pid_controller/install/imu_pid_controller/share/imu_pid_controller/hook/pythonpath.sh'
[1.184s] Level 1:colcon.colcon_core.environment:checking '/home/ibuki/ros2_diff_drive/ros2_diff_drive_sim/imu_pid_controller/install/imu_pid_controller/bin'
[1.184s] Level 1:colcon.colcon_core.environment:create_environment_scripts_only(imu_pid_controller)
[1.184s] INFO:colcon.colcon_core.shell:Creating package script '/home/ibuki/ros2_diff_drive/ros2_diff_drive_sim/imu_pid_controller/install/imu_pid_controller/share/imu_pid_controller/package.ps1'
[1.185s] INFO:colcon.colcon_core.shell:Creating package descriptor '/home/ibuki/ros2_diff_drive/ros2_diff_drive_sim/imu_pid_controller/install/imu_pid_controller/share/imu_pid_controller/package.dsv'
[1.185s] INFO:colcon.colcon_core.shell:Creating package script '/home/ibuki/ros2_diff_drive/ros2_diff_drive_sim/imu_pid_controller/install/imu_pid_controller/share/imu_pid_controller/package.sh'
[1.186s] INFO:colcon.colcon_core.shell:Creating package script '/home/ibuki/ros2_diff_drive/ros2_diff_drive_sim/imu_pid_controller/install/imu_pid_controller/share/imu_pid_controller/package.bash'
[1.190s] INFO:colcon.colcon_core.shell:Creating package script '/home/ibuki/ros2_diff_drive/ros2_diff_drive_sim/imu_pid_controller/install/imu_pid_controller/share/imu_pid_controller/package.zsh'
[1.191s] Level 1:colcon.colcon_core.environment:create_file_with_runtime_dependencies(/home/ibuki/ros2_diff_drive/ros2_diff_drive_sim/imu_pid_controller/install/imu_pid_controller/share/colcon-core/packages/imu_pid_controller)
[1.192s] DEBUG:colcon.colcon_parallel_executor.executor.parallel:closing loop
[1.192s] DEBUG:colcon.colcon_parallel_executor.executor.parallel:loop closed
[1.192s] DEBUG:colcon.colcon_parallel_executor.executor.parallel:run_until_complete finished with '0'
[1.192s] DEBUG:colcon.colcon_core.event_reactor:joining thread
[1.200s] INFO:colcon.colcon_core.plugin_system:Skipping extension 'colcon_notification.desktop_notification.terminal_notifier': Not used on non-Darwin systems
[1.200s] INFO:colcon.colcon_core.plugin_system:Skipping extension 'colcon_notification.desktop_notification.win32': Not used on non-Windows systems
[1.200s] INFO:colcon.colcon_notification.desktop_notification:Sending desktop notification using 'notify2'
[1.221s] DEBUG:colcon.colcon_core.event_reactor:joined thread
[1.221s] INFO:colcon.colcon_core.shell:Creating prefix script '/home/ibuki/ros2_diff_drive/ros2_diff_drive_sim/imu_pid_controller/install/local_setup.ps1'
[1.223s] INFO:colcon.colcon_core.shell:Creating prefix util module '/home/ibuki/ros2_diff_drive/ros2_diff_drive_sim/imu_pid_controller/install/_local_setup_util_ps1.py'
[1.224s] INFO:colcon.colcon_core.shell:Creating prefix chain script '/home/ibuki/ros2_diff_drive/ros2_diff_drive_sim/imu_pid_controller/install/setup.ps1'
[1.225s] INFO:colcon.colcon_core.shell:Creating prefix script '/home/ibuki/ros2_diff_drive/ros2_diff_drive_sim/imu_pid_controller/install/local_setup.sh'
[1.225s] INFO:colcon.colcon_core.shell:Creating prefix util module '/home/ibuki/ros2_diff_drive/ros2_diff_drive_sim/imu_pid_controller/install/_local_setup_util_sh.py'
[1.226s] INFO:colcon.colcon_core.shell:Creating prefix chain script '/home/ibuki/ros2_diff_drive/ros2_diff_drive_sim/imu_pid_controller/install/setup.sh'
[1.232s] INFO:colcon.colcon_core.shell:Creating prefix script '/home/ibuki/ros2_diff_drive/ros2_diff_drive_sim/imu_pid_controller/install/local_setup.bash'
[1.232s] INFO:colcon.colcon_core.shell:Creating prefix chain script '/home/ibuki/ros2_diff_drive/ros2_diff_drive_sim/imu_pid_controller/install/setup.bash'
[1.233s] INFO:colcon.colcon_core.shell:Creating prefix script '/home/ibuki/ros2_diff_drive/ros2_diff_drive_sim/imu_pid_controller/install/local_setup.zsh'
[1.234s] INFO:colcon.colcon_core.shell:Creating prefix chain script '/home/ibuki/ros2_diff_drive/ros2_diff_drive_sim/imu_pid_controller/install/setup.zsh'
