-- Install configuration: ""
-- Up-to-date: /home/ibuki/ros2_diff_drive/ros2_diff_drive_sim/turorial_diff/install/my_robot/share/my_robot/launch
-- Up-to-date: /home/ibuki/ros2_diff_drive/ros2_diff_drive_sim/turorial_diff/install/my_robot/share/my_robot/launch/tb3_gazebo.launch.py
-- Up-to-date: /home/ibuki/ros2_diff_drive/ros2_diff_drive_sim/turorial_diff/install/my_robot/share/my_robot/urdf
-- Installing: /home/ibuki/ros2_diff_drive/ros2_diff_drive_sim/turorial_diff/install/my_robot/share/my_robot/urdf/my_robot.urdf
-- Up-to-date: /home/ibuki/ros2_diff_drive/ros2_diff_drive_sim/turorial_diff/install/my_robot/share/my_robot/config
-- Up-to-date: /home/ibuki/ros2_diff_drive/ros2_diff_drive_sim/turorial_diff/install/my_robot/share/my_robot/config/diff_drive_controller.yaml
-- Up-to-date: /home/ibuki/ros2_diff_drive/ros2_diff_drive_sim/turorial_diff/install/my_robot/share/my_robot/meshes
-- Up-to-date: /home/ibuki/ros2_diff_drive/ros2_diff_drive_sim/turorial_diff/install/my_robot/share/my_robot/meshes/wheel-assembly.stl
-- Up-to-date: /home/ibuki/ros2_diff_drive/ros2_diff_drive_sim/turorial_diff/install/my_robot/share/my_robot/meshes/base_link_light.stl
-- Up-to-date: /home/ibuki/ros2_diff_drive/ros2_diff_drive_sim/turorial_diff/install/my_robot/share/my_robot/meshes/base_link.dae
-- Up-to-date: /home/ibuki/ros2_diff_drive/ros2_diff_drive_sim/turorial_diff/install/my_robot/share/my_robot/meshes/base_link.stl
-- Up-to-date: /home/ibuki/ros2_diff_drive/ros2_diff_drive_sim/turorial_diff/install/my_robot/share/my_robot/meshes/sensors
-- Up-to-date: /home/ibuki/ros2_diff_drive/ros2_diff_drive_sim/turorial_diff/install/my_robot/share/my_robot/meshes/sensors/r200.dae
-- Up-to-date: /home/ibuki/ros2_diff_drive/ros2_diff_drive_sim/turorial_diff/install/my_robot/share/my_robot/meshes/sensors/astra.jpg
-- Up-to-date: /home/ibuki/ros2_diff_drive/ros2_diff_drive_sim/turorial_diff/install/my_robot/share/my_robot/meshes/sensors/lds.stl
-- Up-to-date: /home/ibuki/ros2_diff_drive/ros2_diff_drive_sim/turorial_diff/install/my_robot/share/my_robot/meshes/sensors/r200.jpg
-- Up-to-date: /home/ibuki/ros2_diff_drive/ros2_diff_drive_sim/turorial_diff/install/my_robot/share/my_robot/meshes/sensors/astra.dae
-- Up-to-date: /home/ibuki/ros2_diff_drive/ros2_diff_drive_sim/turorial_diff/install/my_robot/share/my_robot/meshes/bases
-- Up-to-date: /home/ibuki/ros2_diff_drive/ros2_diff_drive_sim/turorial_diff/install/my_robot/share/my_robot/meshes/bases/burger_base.stl
-- Up-to-date: /home/ibuki/ros2_diff_drive/ros2_diff_drive_sim/turorial_diff/install/my_robot/share/my_robot/meshes/bases/waffle_pi_base.stl
-- Up-to-date: /home/ibuki/ros2_diff_drive/ros2_diff_drive_sim/turorial_diff/install/my_robot/share/my_robot/meshes/bases/waffle_base.stl
-- Up-to-date: /home/ibuki/ros2_diff_drive/ros2_diff_drive_sim/turorial_diff/install/my_robot/share/my_robot/meshes/wheels
-- Up-to-date: /home/ibuki/ros2_diff_drive/ros2_diff_drive_sim/turorial_diff/install/my_robot/share/my_robot/meshes/wheels/right_tire.stl
-- Up-to-date: /home/ibuki/ros2_diff_drive/ros2_diff_drive_sim/turorial_diff/install/my_robot/share/my_robot/meshes/wheels/left_tire.stl
-- Up-to-date: /home/ibuki/ros2_diff_drive/ros2_diff_drive_sim/turorial_diff/install/my_robot/share/ament_index/resource_index/package_run_dependencies/my_robot
-- Up-to-date: /home/ibuki/ros2_diff_drive/ros2_diff_drive_sim/turorial_diff/install/my_robot/share/ament_index/resource_index/parent_prefix_path/my_robot
-- Up-to-date: /home/ibuki/ros2_diff_drive/ros2_diff_drive_sim/turorial_diff/install/my_robot/share/my_robot/environment/ament_prefix_path.sh
-- Up-to-date: /home/ibuki/ros2_diff_drive/ros2_diff_drive_sim/turorial_diff/install/my_robot/share/my_robot/environment/ament_prefix_path.dsv
-- Up-to-date: /home/ibuki/ros2_diff_drive/ros2_diff_drive_sim/turorial_diff/install/my_robot/share/my_robot/environment/path.sh
-- Up-to-date: /home/ibuki/ros2_diff_drive/ros2_diff_drive_sim/turorial_diff/install/my_robot/share/my_robot/environment/path.dsv
-- Up-to-date: /home/ibuki/ros2_diff_drive/ros2_diff_drive_sim/turorial_diff/install/my_robot/share/my_robot/local_setup.bash
-- Up-to-date: /home/ibuki/ros2_diff_drive/ros2_diff_drive_sim/turorial_diff/install/my_robot/share/my_robot/local_setup.sh
-- Up-to-date: /home/ibuki/ros2_diff_drive/ros2_diff_drive_sim/turorial_diff/install/my_robot/share/my_robot/local_setup.zsh
-- Up-to-date: /home/ibuki/ros2_diff_drive/ros2_diff_drive_sim/turorial_diff/install/my_robot/share/my_robot/local_setup.dsv
-- Installing: /home/ibuki/ros2_diff_drive/ros2_diff_drive_sim/turorial_diff/install/my_robot/share/my_robot/package.dsv
-- Up-to-date: /home/ibuki/ros2_diff_drive/ros2_diff_drive_sim/turorial_diff/install/my_robot/share/ament_index/resource_index/packages/my_robot
-- Up-to-date: /home/ibuki/ros2_diff_drive/ros2_diff_drive_sim/turorial_diff/install/my_robot/share/my_robot/cmake/my_robotConfig.cmake
-- Up-to-date: /home/ibuki/ros2_diff_drive/ros2_diff_drive_sim/turorial_diff/install/my_robot/share/my_robot/cmake/my_robotConfig-version.cmake
-- Up-to-date: /home/ibuki/ros2_diff_drive/ros2_diff_drive_sim/turorial_diff/install/my_robot/share/my_robot/package.xml
