[0.006s] Invoking command in '/home/ibuki/ros2_diff_drive/ros2_diff_drive_sim/turorial_diff/build/my_robot': CMAKE_PREFIX_PATH=${CMAKE_PREFIX_PATH}:/opt/ros/humble /usr/bin/cmake /home/ibuki/ros2_diff_drive/ros2_diff_drive_sim/turorial_diff/my_robot -DCMAKE_INSTALL_PREFIX=/home/ibuki/ros2_diff_drive/ros2_diff_drive_sim/turorial_diff/install/my_robot
[0.093s] -- The C compiler identification is GNU 11.4.0
[0.175s] -- The CXX compiler identification is GNU 11.4.0
[0.187s] -- Detecting C compiler ABI info
[0.266s] -- Detecting C compiler ABI info - done
[0.269s] -- Check for working C compiler: /usr/bin/cc - skipped
[0.271s] -- Detecting C compile features
[0.272s] -- Detecting C compile features - done
[0.275s] -- Detecting CXX compiler ABI info
[0.350s] -- Detecting CXX compiler ABI info - done
[0.358s] -- Check for working CXX compiler: /usr/bin/c++ - skipped
[0.358s] -- Detecting CXX compile features
[0.359s] -- Detecting CXX compile features - done
[0.363s] -- Found ament_cmake: 1.3.12 (/opt/ros/humble/share/ament_cmake/cmake)
[0.507s] -- Found Python3: /usr/bin/python3 (found version "3.10.12") found components: Interpreter 
[0.626s] -- Configuring done
[0.629s] -- Generating done
[0.631s] -- Build files have been written to: /home/ibuki/ros2_diff_drive/ros2_diff_drive_sim/turorial_diff/build/my_robot
[0.636s] Invoked command in '/home/ibuki/ros2_diff_drive/ros2_diff_drive_sim/turorial_diff/build/my_robot' returned '0': CMAKE_PREFIX_PATH=${CMAKE_PREFIX_PATH}:/opt/ros/humble /usr/bin/cmake /home/ibuki/ros2_diff_drive/ros2_diff_drive_sim/turorial_diff/my_robot -DCMAKE_INSTALL_PREFIX=/home/ibuki/ros2_diff_drive/ros2_diff_drive_sim/turorial_diff/install/my_robot
[0.638s] Invoking command in '/home/ibuki/ros2_diff_drive/ros2_diff_drive_sim/turorial_diff/build/my_robot': CMAKE_PREFIX_PATH=${CMAKE_PREFIX_PATH}:/opt/ros/humble /usr/bin/cmake --build /home/ibuki/ros2_diff_drive/ros2_diff_drive_sim/turorial_diff/build/my_robot -- -j14 -l14
[0.673s] Invoked command in '/home/ibuki/ros2_diff_drive/ros2_diff_drive_sim/turorial_diff/build/my_robot' returned '0': CMAKE_PREFIX_PATH=${CMAKE_PREFIX_PATH}:/opt/ros/humble /usr/bin/cmake --build /home/ibuki/ros2_diff_drive/ros2_diff_drive_sim/turorial_diff/build/my_robot -- -j14 -l14
[0.683s] Invoking command in '/home/ibuki/ros2_diff_drive/ros2_diff_drive_sim/turorial_diff/build/my_robot': CMAKE_PREFIX_PATH=${CMAKE_PREFIX_PATH}:/opt/ros/humble /usr/bin/cmake --install /home/ibuki/ros2_diff_drive/ros2_diff_drive_sim/turorial_diff/build/my_robot
[0.687s] -- Install configuration: ""
[0.687s] -- Installing: /home/ibuki/ros2_diff_drive/ros2_diff_drive_sim/turorial_diff/install/my_robot/share/my_robot/launch
[0.687s] -- Installing: /home/ibuki/ros2_diff_drive/ros2_diff_drive_sim/turorial_diff/install/my_robot/share/my_robot/launch/tb3_gazebo.launch.py
[0.687s] -- Installing: /home/ibuki/ros2_diff_drive/ros2_diff_drive_sim/turorial_diff/install/my_robot/share/my_robot/urdf
[0.688s] -- Installing: /home/ibuki/ros2_diff_drive/ros2_diff_drive_sim/turorial_diff/install/my_robot/share/my_robot/urdf/my_robot.urdf
[0.688s] -- Installing: /home/ibuki/ros2_diff_drive/ros2_diff_drive_sim/turorial_diff/install/my_robot/share/my_robot/config
[0.688s] -- Installing: /home/ibuki/ros2_diff_drive/ros2_diff_drive_sim/turorial_diff/install/my_robot/share/my_robot/config/diff_drive_controller.yaml
[0.688s] -- Installing: /home/ibuki/ros2_diff_drive/ros2_diff_drive_sim/turorial_diff/install/my_robot/share/my_robot/meshes
[0.688s] -- Installing: /home/ibuki/ros2_diff_drive/ros2_diff_drive_sim/turorial_diff/install/my_robot/share/my_robot/meshes/wheel-assembly.stl
[0.688s] -- Installing: /home/ibuki/ros2_diff_drive/ros2_diff_drive_sim/turorial_diff/install/my_robot/share/my_robot/meshes/base_link_light.stl
[0.694s] -- Installing: /home/ibuki/ros2_diff_drive/ros2_diff_drive_sim/turorial_diff/install/my_robot/share/my_robot/meshes/base_link.dae
[0.721s] -- Installing: /home/ibuki/ros2_diff_drive/ros2_diff_drive_sim/turorial_diff/install/my_robot/share/my_robot/meshes/base_link.stl
[0.727s] -- Installing: /home/ibuki/ros2_diff_drive/ros2_diff_drive_sim/turorial_diff/install/my_robot/share/my_robot/meshes/sensors
[0.727s] -- Installing: /home/ibuki/ros2_diff_drive/ros2_diff_drive_sim/turorial_diff/install/my_robot/share/my_robot/meshes/sensors/r200.dae
[0.727s] -- Installing: /home/ibuki/ros2_diff_drive/ros2_diff_drive_sim/turorial_diff/install/my_robot/share/my_robot/meshes/sensors/astra.jpg
[0.727s] -- Installing: /home/ibuki/ros2_diff_drive/ros2_diff_drive_sim/turorial_diff/install/my_robot/share/my_robot/meshes/sensors/lds.stl
[0.728s] -- Installing: /home/ibuki/ros2_diff_drive/ros2_diff_drive_sim/turorial_diff/install/my_robot/share/my_robot/meshes/sensors/r200.jpg
[0.728s] -- Installing: /home/ibuki/ros2_diff_drive/ros2_diff_drive_sim/turorial_diff/install/my_robot/share/my_robot/meshes/sensors/astra.dae
[0.732s] -- Installing: /home/ibuki/ros2_diff_drive/ros2_diff_drive_sim/turorial_diff/install/my_robot/share/my_robot/meshes/bases
[0.732s] -- Installing: /home/ibuki/ros2_diff_drive/ros2_diff_drive_sim/turorial_diff/install/my_robot/share/my_robot/meshes/bases/burger_base.stl
[0.734s] -- Installing: /home/ibuki/ros2_diff_drive/ros2_diff_drive_sim/turorial_diff/install/my_robot/share/my_robot/meshes/bases/waffle_pi_base.stl
[0.736s] -- Installing: /home/ibuki/ros2_diff_drive/ros2_diff_drive_sim/turorial_diff/install/my_robot/share/my_robot/meshes/bases/waffle_base.stl
[0.743s] -- Installing: /home/ibuki/ros2_diff_drive/ros2_diff_drive_sim/turorial_diff/install/my_robot/share/my_robot/meshes/wheels
[0.743s] -- Installing: /home/ibuki/ros2_diff_drive/ros2_diff_drive_sim/turorial_diff/install/my_robot/share/my_robot/meshes/wheels/right_tire.stl
[0.743s] -- Installing: /home/ibuki/ros2_diff_drive/ros2_diff_drive_sim/turorial_diff/install/my_robot/share/my_robot/meshes/wheels/left_tire.stl
[0.744s] -- Installing: /home/ibuki/ros2_diff_drive/ros2_diff_drive_sim/turorial_diff/install/my_robot/share/ament_index/resource_index/package_run_dependencies/my_robot
[0.744s] -- Installing: /home/ibuki/ros2_diff_drive/ros2_diff_drive_sim/turorial_diff/install/my_robot/share/ament_index/resource_index/parent_prefix_path/my_robot
[0.744s] -- Installing: /home/ibuki/ros2_diff_drive/ros2_diff_drive_sim/turorial_diff/install/my_robot/share/my_robot/environment/ament_prefix_path.sh
[0.744s] -- Installing: /home/ibuki/ros2_diff_drive/ros2_diff_drive_sim/turorial_diff/install/my_robot/share/my_robot/environment/ament_prefix_path.dsv
[0.744s] -- Installing: /home/ibuki/ros2_diff_drive/ros2_diff_drive_sim/turorial_diff/install/my_robot/share/my_robot/environment/path.sh
[0.744s] -- Installing: /home/ibuki/ros2_diff_drive/ros2_diff_drive_sim/turorial_diff/install/my_robot/share/my_robot/environment/path.dsv
[0.744s] -- Installing: /home/ibuki/ros2_diff_drive/ros2_diff_drive_sim/turorial_diff/install/my_robot/share/my_robot/local_setup.bash
[0.744s] -- Installing: /home/ibuki/ros2_diff_drive/ros2_diff_drive_sim/turorial_diff/install/my_robot/share/my_robot/local_setup.sh
[0.744s] -- Installing: /home/ibuki/ros2_diff_drive/ros2_diff_drive_sim/turorial_diff/install/my_robot/share/my_robot/local_setup.zsh
[0.745s] -- Installing: /home/ibuki/ros2_diff_drive/ros2_diff_drive_sim/turorial_diff/install/my_robot/share/my_robot/local_setup.dsv
[0.745s] -- Installing: /home/ibuki/ros2_diff_drive/ros2_diff_drive_sim/turorial_diff/install/my_robot/share/my_robot/package.dsv
[0.745s] -- Installing: /home/ibuki/ros2_diff_drive/ros2_diff_drive_sim/turorial_diff/install/my_robot/share/ament_index/resource_index/packages/my_robot
[0.745s] -- Installing: /home/ibuki/ros2_diff_drive/ros2_diff_drive_sim/turorial_diff/install/my_robot/share/my_robot/cmake/my_robotConfig.cmake
[0.745s] -- Installing: /home/ibuki/ros2_diff_drive/ros2_diff_drive_sim/turorial_diff/install/my_robot/share/my_robot/cmake/my_robotConfig-version.cmake
[0.745s] -- Installing: /home/ibuki/ros2_diff_drive/ros2_diff_drive_sim/turorial_diff/install/my_robot/share/my_robot/package.xml
[0.746s] Invoked command in '/home/ibuki/ros2_diff_drive/ros2_diff_drive_sim/turorial_diff/build/my_robot' returned '0': CMAKE_PREFIX_PATH=${CMAKE_PREFIX_PATH}:/opt/ros/humble /usr/bin/cmake --install /home/ibuki/ros2_diff_drive/ros2_diff_drive_sim/turorial_diff/build/my_robot
