[0.005s] Invoking command in '/home/ibuki/turorial_diff/build/my_robot': CMAKE_PREFIX_PATH=${CMAKE_PREFIX_PATH}:/opt/ros/humble /usr/bin/cmake /home/ibuki/turorial_diff/my_robot -DCMAKE_INSTALL_PREFIX=/home/ibuki/turorial_diff/install/my_robot
[0.066s] -- The C compiler identification is GNU 11.4.0
[0.117s] -- The CXX compiler identification is GNU 11.4.0
[0.122s] -- Detecting C compiler ABI info
[0.195s] -- Detecting C compiler ABI info - done
[0.204s] -- Check for working C compiler: /usr/bin/cc - skipped
[0.205s] -- Detecting C compile features
[0.205s] -- Detecting C compile features - done
[0.209s] -- Detecting CXX compiler ABI info
[0.282s] -- Detecting CXX compiler ABI info - done
[0.291s] -- Check for working CXX compiler: /usr/bin/c++ - skipped
[0.291s] -- Detecting CXX compile features
[0.292s] -- Detecting CXX compile features - done
[0.295s] -- Found ament_cmake: 1.3.12 (/opt/ros/humble/share/ament_cmake/cmake)
[0.427s] -- Found Python3: /usr/bin/python3 (found version "3.10.12") found components: Interpreter 
[0.512s] -- Configuring done
[0.512s] -- Generating done
[0.512s] -- Build files have been written to: /home/ibuki/turorial_diff/build/my_robot
[0.516s] Invoked command in '/home/ibuki/turorial_diff/build/my_robot' returned '0': CMAKE_PREFIX_PATH=${CMAKE_PREFIX_PATH}:/opt/ros/humble /usr/bin/cmake /home/ibuki/turorial_diff/my_robot -DCMAKE_INSTALL_PREFIX=/home/ibuki/turorial_diff/install/my_robot
[0.517s] Invoking command in '/home/ibuki/turorial_diff/build/my_robot': CMAKE_PREFIX_PATH=${CMAKE_PREFIX_PATH}:/opt/ros/humble /usr/bin/cmake --build /home/ibuki/turorial_diff/build/my_robot -- -j14 -l14
[0.558s] Invoked command in '/home/ibuki/turorial_diff/build/my_robot' returned '0': CMAKE_PREFIX_PATH=${CMAKE_PREFIX_PATH}:/opt/ros/humble /usr/bin/cmake --build /home/ibuki/turorial_diff/build/my_robot -- -j14 -l14
[0.564s] Invoking command in '/home/ibuki/turorial_diff/build/my_robot': CMAKE_PREFIX_PATH=${CMAKE_PREFIX_PATH}:/opt/ros/humble /usr/bin/cmake --install /home/ibuki/turorial_diff/build/my_robot
[0.573s] -- Install configuration: ""
[0.573s] -- Installing: /home/ibuki/turorial_diff/install/my_robot/share/my_robot/launch
[0.573s] -- Installing: /home/ibuki/turorial_diff/install/my_robot/share/my_robot/launch/tb3_gazebo.launch.py
[0.573s] -- Installing: /home/ibuki/turorial_diff/install/my_robot/share/my_robot/urdf
[0.573s] -- Installing: /home/ibuki/turorial_diff/install/my_robot/share/my_robot/urdf/my_robot.urdf
[0.573s] -- Installing: /home/ibuki/turorial_diff/install/my_robot/share/my_robot/config
[0.573s] -- Installing: /home/ibuki/turorial_diff/install/my_robot/share/my_robot/config/diff_drive_controller.yaml
[0.574s] -- Installing: /home/ibuki/turorial_diff/install/my_robot/share/my_robot/meshes
[0.574s] -- Installing: /home/ibuki/turorial_diff/install/my_robot/share/my_robot/meshes/sensors
[0.574s] -- Installing: /home/ibuki/turorial_diff/install/my_robot/share/my_robot/meshes/sensors/r200.dae
[0.574s] -- Installing: /home/ibuki/turorial_diff/install/my_robot/share/my_robot/meshes/sensors/astra.jpg
[0.574s] -- Installing: /home/ibuki/turorial_diff/install/my_robot/share/my_robot/meshes/sensors/lds.stl
[0.575s] -- Installing: /home/ibuki/turorial_diff/install/my_robot/share/my_robot/meshes/sensors/r200.jpg
[0.575s] -- Installing: /home/ibuki/turorial_diff/install/my_robot/share/my_robot/meshes/sensors/astra.dae
[0.582s] -- Installing: /home/ibuki/turorial_diff/install/my_robot/share/my_robot/meshes/bases
[0.582s] -- Installing: /home/ibuki/turorial_diff/install/my_robot/share/my_robot/meshes/bases/burger_base.stl
[0.586s] -- Installing: /home/ibuki/turorial_diff/install/my_robot/share/my_robot/meshes/bases/waffle_pi_base.stl
[0.590s] -- Installing: /home/ibuki/turorial_diff/install/my_robot/share/my_robot/meshes/bases/waffle_base.stl
[0.597s] -- Installing: /home/ibuki/turorial_diff/install/my_robot/share/my_robot/meshes/wheels
[0.597s] -- Installing: /home/ibuki/turorial_diff/install/my_robot/share/my_robot/meshes/wheels/right_tire.stl
[0.597s] -- Installing: /home/ibuki/turorial_diff/install/my_robot/share/my_robot/meshes/wheels/left_tire.stl
[0.598s] -- Installing: /home/ibuki/turorial_diff/install/my_robot/share/ament_index/resource_index/package_run_dependencies/my_robot
[0.598s] -- Installing: /home/ibuki/turorial_diff/install/my_robot/share/ament_index/resource_index/parent_prefix_path/my_robot
[0.598s] -- Installing: /home/ibuki/turorial_diff/install/my_robot/share/my_robot/environment/ament_prefix_path.sh
[0.598s] -- Installing: /home/ibuki/turorial_diff/install/my_robot/share/my_robot/environment/ament_prefix_path.dsv
[0.598s] -- Installing: /home/ibuki/turorial_diff/install/my_robot/share/my_robot/environment/path.sh
[0.598s] -- Installing: /home/ibuki/turorial_diff/install/my_robot/share/my_robot/environment/path.dsv
[0.598s] -- Installing: /home/ibuki/turorial_diff/install/my_robot/share/my_robot/local_setup.bash
[0.598s] -- Installing: /home/ibuki/turorial_diff/install/my_robot/share/my_robot/local_setup.sh
[0.598s] -- Installing: /home/ibuki/turorial_diff/install/my_robot/share/my_robot/local_setup.zsh
[0.598s] -- Installing: /home/ibuki/turorial_diff/install/my_robot/share/my_robot/local_setup.dsv
[0.598s] -- Installing: /home/ibuki/turorial_diff/install/my_robot/share/my_robot/package.dsv
[0.598s] -- Installing: /home/ibuki/turorial_diff/install/my_robot/share/ament_index/resource_index/packages/my_robot
[0.599s] -- Installing: /home/ibuki/turorial_diff/install/my_robot/share/my_robot/cmake/my_robotConfig.cmake
[0.599s] -- Installing: /home/ibuki/turorial_diff/install/my_robot/share/my_robot/cmake/my_robotConfig-version.cmake
[0.599s] -- Installing: /home/ibuki/turorial_diff/install/my_robot/share/my_robot/package.xml
[0.601s] Invoked command in '/home/ibuki/turorial_diff/build/my_robot' returned '0': CMAKE_PREFIX_PATH=${CMAKE_PREFIX_PATH}:/opt/ros/humble /usr/bin/cmake --install /home/ibuki/turorial_diff/build/my_robot
