[0.305s] Invoking command in '/home/ibuki/ros2_diff_drive/ros2_diff_drive_sim/imu_pid_controller/src/imu_pid_controller': PYTHONPATH=/home/ibuki/ros2_diff_drive/ros2_diff_drive_sim/imu_pid_controller/build/imu_pid_controller/prefix_override:/usr/lib/python3/dist-packages/colcon_core/task/python/colcon_distutils_commands:/home/ibuki/ros2_diff_drive/ros2_diff_drive_sim/imu_pid_controller/install/imu_pid_controller/lib/python3.10/site-packages:${PYTHONPATH} /usr/bin/python3 -W ignore:setup.py install is deprecated -W ignore:easy_install command is deprecated setup.py egg_info --egg-base ../../build/imu_pid_controller build --build-base /home/ibuki/ros2_diff_drive/ros2_diff_drive_sim/imu_pid_controller/build/imu_pid_controller/build install --record /home/ibuki/ros2_diff_drive/ros2_diff_drive_sim/imu_pid_controller/build/imu_pid_controller/install.log --single-version-externally-managed install_data
[0.522s] running egg_info
[0.522s] writing ../../build/imu_pid_controller/imu_pid_controller.egg-info/PKG-INFO
[0.522s] writing dependency_links to ../../build/imu_pid_controller/imu_pid_controller.egg-info/dependency_links.txt
[0.522s] writing entry points to ../../build/imu_pid_controller/imu_pid_controller.egg-info/entry_points.txt
[0.522s] writing requirements to ../../build/imu_pid_controller/imu_pid_controller.egg-info/requires.txt
[0.522s] writing top-level names to ../../build/imu_pid_controller/imu_pid_controller.egg-info/top_level.txt
[0.524s] reading manifest file '../../build/imu_pid_controller/imu_pid_controller.egg-info/SOURCES.txt'
[0.524s] writing manifest file '../../build/imu_pid_controller/imu_pid_controller.egg-info/SOURCES.txt'
[0.524s] running build
[0.524s] running build_py
[0.524s] running install
[0.526s] running install_lib
[0.526s] running install_data
[0.526s] running install_egg_info
[0.528s] removing '/home/ibuki/ros2_diff_drive/ros2_diff_drive_sim/imu_pid_controller/install/imu_pid_controller/lib/python3.10/site-packages/imu_pid_controller-0.0.0-py3.10.egg-info' (and everything under it)
[0.528s] Copying ../../build/imu_pid_controller/imu_pid_controller.egg-info to /home/ibuki/ros2_diff_drive/ros2_diff_drive_sim/imu_pid_controller/install/imu_pid_controller/lib/python3.10/site-packages/imu_pid_controller-0.0.0-py3.10.egg-info
[0.528s] running install_scripts
[0.549s] writing list of installed files to '/home/ibuki/ros2_diff_drive/ros2_diff_drive_sim/imu_pid_controller/build/imu_pid_controller/install.log'
[0.570s] Invoked command in '/home/ibuki/ros2_diff_drive/ros2_diff_drive_sim/imu_pid_controller/src/imu_pid_controller' returned '0': PYTHONPATH=/home/ibuki/ros2_diff_drive/ros2_diff_drive_sim/imu_pid_controller/build/imu_pid_controller/prefix_override:/usr/lib/python3/dist-packages/colcon_core/task/python/colcon_distutils_commands:/home/ibuki/ros2_diff_drive/ros2_diff_drive_sim/imu_pid_controller/install/imu_pid_controller/lib/python3.10/site-packages:${PYTHONPATH} /usr/bin/python3 -W ignore:setup.py install is deprecated -W ignore:easy_install command is deprecated setup.py egg_info --egg-base ../../build/imu_pid_controller build --build-base /home/ibuki/ros2_diff_drive/ros2_diff_drive_sim/imu_pid_controller/build/imu_pid_controller/build install --record /home/ibuki/ros2_diff_drive/ros2_diff_drive_sim/imu_pid_controller/build/imu_pid_controller/install.log --single-version-externally-managed install_data
